--- BACKFILL ANALYTICS START ---
[2026-01-05T00:00:23.679Z] Starting analytics backfill: mode=LIVE
[2026-01-05T00:00:23.681Z] Options: skipExisting=false, from=auto, to=yesterday
[2026-01-05T00:00:23.681Z] Finding earliest purchase date...
[2026-01-05T00:00:24.017Z] Backfilling from 2025-04-30 to 2026-01-04 (250 days)
[2026-01-05T00:00:24.590Z] [1/250] 2025-04-30 - WRITTEN (rev=$3.00, orders=1, signups=0, posts=0)
[2026-01-05T00:00:25.447Z] [2/250] 2025-05-01 - WRITTEN (rev=$0.00, orders=0, signups=0, posts=0)
[2026-01-05T00:00:26.008Z] [3/250] 2025-05-02 - WRITTEN (rev=$0.00, orders=0, signups=0, posts=0)
[2026-01-05T00:00:26.541Z] [4/250] 2025-05-03 - WRITTEN (rev=$0.00, orders=0, signups=0, posts=0)
[2026-01-05T00:00:27.052Z] [5/250] 2025-05-04 - WRITTEN (rev=$90.00, orders=1, signups=0, posts=0)
[2026-01-05T00:00:27.533Z] [6/250] 2025-05-05 - WRITTEN (rev=$0.00, orders=0, signups=0, posts=0)
[2026-01-05T00:00:28.081Z] [7/250] 2025-05-06 - WRITTEN (rev=$407.00, orders=11, signups=0, posts=0)
[2026-01-05T00:00:28.644Z] [8/250] 2025-05-07 - WRITTEN (rev=$450.00, orders=10, signups=0, posts=0)
[2026-01-05T00:00:29.157Z] [9/250] 2025-05-08 - WRITTEN (rev=$810.00, orders=16, signups=0, posts=0)
[2026-01-05T00:00:29.614Z] [10/250] 2025-05-09 - WRITTEN (rev=$495.00, orders=11, signups=0, posts=0)
[2026-01-05T00:00:30.300Z] [11/250] 2025-05-10 - WRITTEN (rev=$1530.00, orders=34, signups=0, posts=0)
[2026-01-05T00:00:30.687Z] [12/250] 2025-05-11 - WRITTEN (rev=$0.00, orders=0, signups=0, posts=0)
[2026-01-05T00:00:31.047Z] [13/250] 2025-05-12 - WRITTEN (rev=$0.00, orders=0, signups=0, posts=0)
[2026-01-05T00:00:31.395Z] [14/250] 2025-05-13 - WRITTEN (rev=$0.00, orders=0, signups=0, posts=0)
[2026-01-05T00:00:31.774Z] [15/250] 2025-05-14 - WRITTEN (rev=$0.00, orders=0, signups=0, posts=0)
[2026-01-05T00:00:32.148Z] [16/250] 2025-05-15 - WRITTEN (rev=$0.00, orders=0, signups=0, posts=0)
[2026-01-05T00:00:32.509Z] [17/250] 2025-05-16 - WRITTEN (rev=$0.00, orders=0, signups=0, posts=0)
[2026-01-05T00:00:32.851Z] [18/250] 2025-05-17 - WRITTEN (rev=$0.00, orders=0, signups=0, posts=0)
[2026-01-05T00:00:33.190Z] [19/250] 2025-05-18 - WRITTEN (rev=$0.00, orders=0, signups=0, posts=0)
[2026-01-05T00:00:33.538Z] [20/250] 2025-05-19 - WRITTEN (rev=$0.00, orders=0, signups=0, posts=0)
[2026-01-05T00:00:33.985Z] [21/250] 2025-05-20 - WRITTEN (rev=$0.00, orders=0, signups=0, posts=0)
[2026-01-05T00:00:34.328Z] [22/250] 2025-05-21 - WRITTEN (rev=$0.00, orders=0, signups=0, posts=0)
[2026-01-05T00:00:34.688Z] [23/250] 2025-05-22 - WRITTEN (rev=$0.00, orders=0, signups=0, posts=0)
[2026-01-05T00:00:35.028Z] [24/250] 2025-05-23 - WRITTEN (rev=$0.00, orders=0, signups=0, posts=0)
[2026-01-05T00:00:35.368Z] [25/250] 2025-05-24 - WRITTEN (rev=$0.00, orders=0, signups=0, posts=0)
[2026-01-05T00:00:35.678Z] [26/250] 2025-05-25 - WRITTEN (rev=$0.00, orders=0, signups=0, posts=0)
[2026-01-05T00:00:36.032Z] [27/250] 2025-05-26 - WRITTEN (rev=$0.00, orders=0, signups=0, posts=0)
[2026-01-05T00:00:36.363Z] [28/250] 2025-05-27 - WRITTEN (rev=$0.00, orders=0, signups=0, posts=0)
[2026-01-05T00:00:36.697Z] [29/250] 2025-05-28 - WRITTEN (rev=$0.00, orders=0, signups=0, posts=0)
[2026-01-05T00:00:37.033Z] [30/250] 2025-05-29 - WRITTEN (rev=$0.00, orders=0, signups=0, posts=0)
[2026-01-05T00:00:37.450Z] [31/250] 2025-05-30 - WRITTEN (rev=$0.00, orders=0, signups=0, posts=0)
[2026-01-05T00:00:37.848Z] [32/250] 2025-05-31 - WRITTEN (rev=$0.00, orders=0, signups=0, posts=0)
[2026-01-05T00:00:38.176Z] [33/250] 2025-06-01 - WRITTEN (rev=$0.00, orders=0, signups=0, posts=0)
[2026-01-05T00:00:38.521Z] [34/250] 2025-06-02 - WRITTEN (rev=$0.00, orders=0, signups=0, posts=0)
[2026-01-05T00:00:38.863Z] [35/250] 2025-06-03 - WRITTEN (rev=$0.00, orders=0, signups=0, posts=0)
[2026-01-05T00:00:39.233Z] [36/250] 2025-06-04 - WRITTEN (rev=$0.00, orders=0, signups=0, posts=0)
[2026-01-05T00:00:39.578Z] [37/250] 2025-06-05 - WRITTEN (rev=$0.00, orders=0, signups=0, posts=0)
[2026-01-05T00:00:39.911Z] [38/250] 2025-06-06 - WRITTEN (rev=$0.00, orders=0, signups=0, posts=0)
[2026-01-05T00:00:40.237Z] [39/250] 2025-06-07 - WRITTEN (rev=$0.00, orders=0, signups=0, posts=0)
[2026-01-05T00:00:40.553Z] [40/250] 2025-06-08 - WRITTEN (rev=$0.00, orders=0, signups=0, posts=0)
[2026-01-05T00:00:41.008Z] [41/250] 2025-06-09 - WRITTEN (rev=$0.00, orders=0, signups=0, posts=0)
[2026-01-05T00:00:41.328Z] [42/250] 2025-06-10 - WRITTEN (rev=$0.00, orders=0, signups=0, posts=0)
[2026-01-05T00:00:41.670Z] [43/250] 2025-06-11 - WRITTEN (rev=$0.00, orders=0, signups=0, posts=0)
[2026-01-05T00:00:42.080Z] [44/250] 2025-06-12 - WRITTEN (rev=$0.00, orders=0, signups=0, posts=0)
[2026-01-05T00:00:42.431Z] [45/250] 2025-06-13 - WRITTEN (rev=$0.00, orders=0, signups=0, posts=0)
[2026-01-05T00:00:42.779Z] [46/250] 2025-06-14 - WRITTEN (rev=$0.00, orders=0, signups=0, posts=0)
[2026-01-05T00:00:43.110Z] [47/250] 2025-06-15 - WRITTEN (rev=$0.00, orders=0, signups=0, posts=0)
[2026-01-05T00:00:43.424Z] [48/250] 2025-06-16 - WRITTEN (rev=$0.00, orders=0, signups=0, posts=0)
[2026-01-05T00:00:43.759Z] [49/250] 2025-06-17 - WRITTEN (rev=$0.00, orders=0, signups=0, posts=0)
[2026-01-05T00:00:44.082Z] [50/250] 2025-06-18 - WRITTEN (rev=$0.00, orders=0, signups=0, posts=0)
[2026-01-05T00:00:44.516Z] [51/250] 2025-06-19 - WRITTEN (rev=$0.00, orders=0, signups=0, posts=0)
[2026-01-05T00:00:44.827Z] [52/250] 2025-06-20 - WRITTEN (rev=$0.00, orders=0, signups=0, posts=0)
[2026-01-05T00:00:45.128Z] [53/250] 2025-06-21 - WRITTEN (rev=$0.00, orders=0, signups=0, posts=0)
[2026-01-05T00:00:45.468Z] [54/250] 2025-06-22 - WRITTEN (rev=$0.00, orders=0, signups=0, posts=0)
[2026-01-05T00:00:45.801Z] [55/250] 2025-06-23 - WRITTEN (rev=$0.00, orders=0, signups=0, posts=0)
[2026-01-05T00:00:46.146Z] [56/250] 2025-06-24 - WRITTEN (rev=$0.00, orders=0, signups=0, posts=0)
[2026-01-05T00:00:46.477Z] [57/250] 2025-06-25 - WRITTEN (rev=$0.00, orders=0, signups=0, posts=0)
[2026-01-05T00:00:46.816Z] [58/250] 2025-06-26 - WRITTEN (rev=$0.00, orders=0, signups=0, posts=0)
[2026-01-05T00:00:47.160Z] [59/250] 2025-06-27 - WRITTEN (rev=$0.00, orders=0, signups=0, posts=0)
[2026-01-05T00:00:47.468Z] [60/250] 2025-06-28 - WRITTEN (rev=$0.00, orders=0, signups=0, posts=0)
[2026-01-05T00:00:47.918Z] [61/250] 2025-06-29 - WRITTEN (rev=$0.00, orders=0, signups=0, posts=0)
[2026-01-05T00:00:48.256Z] [62/250] 2025-06-30 - WRITTEN (rev=$0.00, orders=0, signups=0, posts=0)
[2026-01-05T00:00:48.591Z] [63/250] 2025-07-01 - WRITTEN (rev=$0.00, orders=0, signups=0, posts=0)
[2026-01-05T00:00:48.898Z] [64/250] 2025-07-02 - WRITTEN (rev=$0.00, orders=0, signups=0, posts=0)
[2026-01-05T00:00:49.235Z] [65/250] 2025-07-03 - WRITTEN (rev=$0.00, orders=0, signups=0, posts=0)
[2026-01-05T00:00:49.567Z] [66/250] 2025-07-04 - WRITTEN (rev=$0.00, orders=0, signups=0, posts=0)
[2026-01-05T00:00:49.889Z] [67/250] 2025-07-05 - WRITTEN (rev=$0.00, orders=0, signups=0, posts=0)
[2026-01-05T00:00:50.200Z] [68/250] 2025-07-06 - WRITTEN (rev=$0.00, orders=0, signups=0, posts=0)
[2026-01-05T00:00:50.516Z] [69/250] 2025-07-07 - WRITTEN (rev=$0.00, orders=0, signups=0, posts=0)
[2026-01-05T00:00:50.861Z] [70/250] 2025-07-08 - WRITTEN (rev=$0.00, orders=0, signups=0, posts=0)
[2026-01-05T00:00:51.284Z] [71/250] 2025-07-09 - WRITTEN (rev=$0.00, orders=0, signups=0, posts=0)
[2026-01-05T00:00:51.604Z] [72/250] 2025-07-10 - WRITTEN (rev=$0.00, orders=0, signups=0, posts=0)
[2026-01-05T00:00:51.914Z] [73/250] 2025-07-11 - WRITTEN (rev=$0.00, orders=0, signups=0, posts=0)
[2026-01-05T00:00:52.220Z] [74/250] 2025-07-12 - WRITTEN (rev=$0.00, orders=0, signups=0, posts=0)
[2026-01-05T00:00:52.547Z] [75/250] 2025-07-13 - WRITTEN (rev=$0.00, orders=0, signups=0, posts=0)
[2026-01-05T00:00:52.874Z] [76/250] 2025-07-14 - WRITTEN (rev=$0.00, orders=0, signups=0, posts=0)
[2026-01-05T00:00:53.202Z] [77/250] 2025-07-15 - WRITTEN (rev=$0.00, orders=0, signups=0, posts=0)
[2026-01-05T00:00:53.549Z] [78/250] 2025-07-16 - WRITTEN (rev=$0.00, orders=0, signups=0, posts=0)
[2026-01-05T00:00:53.886Z] [79/250] 2025-07-17 - WRITTEN (rev=$0.00, orders=0, signups=0, posts=0)
[2026-01-05T00:00:54.194Z] [80/250] 2025-07-18 - WRITTEN (rev=$0.00, orders=0, signups=0, posts=0)
[2026-01-05T00:00:54.607Z] [81/250] 2025-07-19 - WRITTEN (rev=$0.00, orders=0, signups=0, posts=0)
[2026-01-05T00:00:54.925Z] [82/250] 2025-07-20 - WRITTEN (rev=$0.00, orders=0, signups=0, posts=0)
[2026-01-05T00:00:55.257Z] [83/250] 2025-07-21 - WRITTEN (rev=$0.00, orders=0, signups=0, posts=0)
[2026-01-05T00:00:55.610Z] [84/250] 2025-07-22 - WRITTEN (rev=$0.00, orders=0, signups=0, posts=0)
[2026-01-05T00:00:55.946Z] [85/250] 2025-07-23 - WRITTEN (rev=$0.00, orders=0, signups=0, posts=0)
[2026-01-05T00:00:56.279Z] [86/250] 2025-07-24 - WRITTEN (rev=$0.00, orders=0, signups=0, posts=0)
[2026-01-05T00:00:56.605Z] [87/250] 2025-07-25 - WRITTEN (rev=$0.00, orders=0, signups=0, posts=0)
[2026-01-05T00:00:56.915Z] [88/250] 2025-07-26 - WRITTEN (rev=$0.00, orders=0, signups=0, posts=0)
[2026-01-05T00:00:57.298Z] [89/250] 2025-07-27 - WRITTEN (rev=$0.00, orders=0, signups=0, posts=0)
[2026-01-05T00:00:57.633Z] [90/250] 2025-07-28 - WRITTEN (rev=$0.00, orders=0, signups=0, posts=0)
[2026-01-05T00:00:58.122Z] [91/250] 2025-07-29 - WRITTEN (rev=$0.00, orders=0, signups=0, posts=0)
[2026-01-05T00:00:58.441Z] [92/250] 2025-07-30 - WRITTEN (rev=$0.00, orders=0, signups=0, posts=0)
[2026-01-05T00:00:58.758Z] [93/250] 2025-07-31 - WRITTEN (rev=$0.00, orders=0, signups=0, posts=0)
[2026-01-05T00:00:59.085Z] [94/250] 2025-08-01 - WRITTEN (rev=$0.00, orders=0, signups=0, posts=0)
[2026-01-05T00:00:59.435Z] [95/250] 2025-08-02 - WRITTEN (rev=$0.00, orders=0, signups=0, posts=0)
[2026-01-05T00:00:59.759Z] [96/250] 2025-08-03 - WRITTEN (rev=$0.00, orders=0, signups=0, posts=0)
[2026-01-05T00:01:00.093Z] [97/250] 2025-08-04 - WRITTEN (rev=$0.00, orders=0, signups=0, posts=0)
[2026-01-05T00:01:00.385Z] [98/250] 2025-08-05 - WRITTEN (rev=$0.00, orders=0, signups=0, posts=0)
[2026-01-05T00:01:00.728Z] [99/250] 2025-08-06 - WRITTEN (rev=$0.00, orders=0, signups=0, posts=0)
[2026-01-05T00:01:01.039Z] [100/250] 2025-08-07 - WRITTEN (rev=$0.00, orders=0, signups=0, posts=0)
[2026-01-05T00:01:01.467Z] [101/250] 2025-08-08 - WRITTEN (rev=$0.00, orders=0, signups=0, posts=0)
[2026-01-05T00:01:01.770Z] [102/250] 2025-08-09 - WRITTEN (rev=$0.00, orders=0, signups=0, posts=0)
[2026-01-05T00:01:02.110Z] [103/250] 2025-08-10 - WRITTEN (rev=$0.00, orders=0, signups=0, posts=0)
[2026-01-05T00:01:02.440Z] [104/250] 2025-08-11 - WRITTEN (rev=$0.00, orders=0, signups=0, posts=0)
[2026-01-05T00:01:02.775Z] [105/250] 2025-08-12 - WRITTEN (rev=$0.00, orders=0, signups=0, posts=0)
[2026-01-05T00:01:03.097Z] [106/250] 2025-08-13 - WRITTEN (rev=$0.00, orders=0, signups=0, posts=0)
[2026-01-05T00:01:03.411Z] [107/250] 2025-08-14 - WRITTEN (rev=$0.00, orders=0, signups=0, posts=0)
[2026-01-05T00:01:03.727Z] [108/250] 2025-08-15 - WRITTEN (rev=$0.00, orders=0, signups=0, posts=0)
[2026-01-05T00:01:04.046Z] [109/250] 2025-08-16 - WRITTEN (rev=$0.00, orders=0, signups=0, posts=0)
[2026-01-05T00:01:04.367Z] [110/250] 2025-08-17 - WRITTEN (rev=$0.00, orders=0, signups=0, posts=0)
[2026-01-05T00:01:04.800Z] [111/250] 2025-08-18 - WRITTEN (rev=$0.00, orders=0, signups=0, posts=0)
[2026-01-05T00:01:05.107Z] [112/250] 2025-08-19 - WRITTEN (rev=$0.00, orders=0, signups=0, posts=0)
[2026-01-05T00:01:05.445Z] [113/250] 2025-08-20 - WRITTEN (rev=$0.00, orders=0, signups=0, posts=0)
[2026-01-05T00:01:05.758Z] [114/250] 2025-08-21 - WRITTEN (rev=$0.00, orders=0, signups=0, posts=0)
[2026-01-05T00:01:06.072Z] [115/250] 2025-08-22 - WRITTEN (rev=$0.00, orders=0, signups=0, posts=0)
[2026-01-05T00:01:06.466Z] [116/250] 2025-08-23 - WRITTEN (rev=$0.00, orders=0, signups=0, posts=0)
[2026-01-05T00:01:06.783Z] [117/250] 2025-08-24 - WRITTEN (rev=$0.00, orders=0, signups=0, posts=0)
[2026-01-05T00:01:07.101Z] [118/250] 2025-08-25 - WRITTEN (rev=$0.00, orders=0, signups=0, posts=0)
[2026-01-05T00:01:07.408Z] [119/250] 2025-08-26 - WRITTEN (rev=$0.00, orders=0, signups=0, posts=0)
[2026-01-05T00:01:07.727Z] [120/250] 2025-08-27 - WRITTEN (rev=$0.00, orders=0, signups=0, posts=0)
[2026-01-05T00:01:08.142Z] [121/250] 2025-08-28 - WRITTEN (rev=$0.00, orders=0, signups=0, posts=0)
[2026-01-05T00:01:08.485Z] [122/250] 2025-08-29 - WRITTEN (rev=$0.00, orders=0, signups=0, posts=0)
[2026-01-05T00:01:08.825Z] [123/250] 2025-08-30 - WRITTEN (rev=$0.00, orders=0, signups=0, posts=0)
[2026-01-05T00:01:09.148Z] [124/250] 2025-08-31 - WRITTEN (rev=$0.00, orders=0, signups=0, posts=0)
[2026-01-05T00:01:09.486Z] [125/250] 2025-09-01 - WRITTEN (rev=$0.00, orders=0, signups=0, posts=0)
[2026-01-05T00:01:09.797Z] [126/250] 2025-09-02 - WRITTEN (rev=$0.00, orders=0, signups=0, posts=0)
[2026-01-05T00:01:10.104Z] [127/250] 2025-09-03 - WRITTEN (rev=$0.00, orders=0, signups=0, posts=0)
[2026-01-05T00:01:10.425Z] [128/250] 2025-09-04 - WRITTEN (rev=$0.00, orders=0, signups=0, posts=0)
[2026-01-05T00:01:10.730Z] [129/250] 2025-09-05 - WRITTEN (rev=$0.00, orders=0, signups=0, posts=0)
[2026-01-05T00:01:11.059Z] [130/250] 2025-09-06 - WRITTEN (rev=$0.00, orders=0, signups=0, posts=0)
[2026-01-05T00:01:11.473Z] [131/250] 2025-09-07 - WRITTEN (rev=$0.00, orders=0, signups=0, posts=0)
[2026-01-05T00:01:11.837Z] [132/250] 2025-09-08 - WRITTEN (rev=$0.00, orders=0, signups=0, posts=0)
[2026-01-05T00:01:12.179Z] [133/250] 2025-09-09 - WRITTEN (rev=$0.00, orders=0, signups=0, posts=0)
[2026-01-05T00:01:12.505Z] [134/250] 2025-09-10 - WRITTEN (rev=$0.00, orders=0, signups=0, posts=0)
[2026-01-05T00:01:12.825Z] [135/250] 2025-09-11 - WRITTEN (rev=$0.00, orders=0, signups=0, posts=0)
[2026-01-05T00:01:13.133Z] [136/250] 2025-09-12 - WRITTEN (rev=$0.00, orders=0, signups=0, posts=0)
[2026-01-05T00:01:13.481Z] [137/250] 2025-09-13 - WRITTEN (rev=$0.00, orders=0, signups=0, posts=0)
[2026-01-05T00:01:13.824Z] [138/250] 2025-09-14 - WRITTEN (rev=$0.00, orders=0, signups=0, posts=0)
[2026-01-05T00:01:14.146Z] [139/250] 2025-09-15 - WRITTEN (rev=$0.00, orders=0, signups=0, posts=0)
[2026-01-05T00:01:14.466Z] [140/250] 2025-09-16 - WRITTEN (rev=$21.00, orders=3, signups=0, posts=0)
[2026-01-05T00:01:14.911Z] [141/250] 2025-09-17 - WRITTEN (rev=$427.00, orders=34, signups=0, posts=0)
[2026-01-05T00:01:15.269Z] [142/250] 2025-09-18 - WRITTEN (rev=$359.63, orders=40, signups=0, posts=0)
[2026-01-05T00:01:15.585Z] [143/250] 2025-09-19 - WRITTEN (rev=$541.28, orders=39, signups=0, posts=0)
[2026-01-05T00:01:15.949Z] [144/250] 2025-09-20 - WRITTEN (rev=$940.95, orders=92, signups=0, posts=0)
[2026-01-05T00:01:16.279Z] [145/250] 2025-09-21 - WRITTEN (rev=$37.64, orders=4, signups=0, posts=0)
[2026-01-05T00:01:16.711Z] [146/250] 2025-09-22 - WRITTEN (rev=$0.00, orders=0, signups=0, posts=0)
[2026-01-05T00:01:17.053Z] [147/250] 2025-09-23 - WRITTEN (rev=$0.00, orders=0, signups=0, posts=0)
[2026-01-05T00:01:17.374Z] [148/250] 2025-09-24 - WRITTEN (rev=$0.00, orders=0, signups=0, posts=0)
[2026-01-05T00:01:17.702Z] [149/250] 2025-09-25 - WRITTEN (rev=$0.00, orders=0, signups=0, posts=0)
[2026-01-05T00:01:18.034Z] [150/250] 2025-09-26 - WRITTEN (rev=$0.00, orders=0, signups=0, posts=0)
[2026-01-05T00:01:18.478Z] [151/250] 2025-09-27 - WRITTEN (rev=$0.00, orders=0, signups=0, posts=0)
[2026-01-05T00:01:18.789Z] [152/250] 2025-09-28 - WRITTEN (rev=$0.00, orders=0, signups=0, posts=0)
[2026-01-05T00:01:19.108Z] [153/250] 2025-09-29 - WRITTEN (rev=$0.00, orders=0, signups=0, posts=0)
[2026-01-05T00:01:19.440Z] [154/250] 2025-09-30 - WRITTEN (rev=$0.00, orders=0, signups=0, posts=0)
[2026-01-05T00:01:19.761Z] [155/250] 2025-10-01 - WRITTEN (rev=$0.00, orders=0, signups=0, posts=0)
[2026-01-05T00:01:20.085Z] [156/250] 2025-10-02 - WRITTEN (rev=$0.00, orders=0, signups=0, posts=0)
[2026-01-05T00:01:20.424Z] [157/250] 2025-10-03 - WRITTEN (rev=$0.00, orders=0, signups=0, posts=0)
[2026-01-05T00:01:20.764Z] [158/250] 2025-10-04 - WRITTEN (rev=$0.00, orders=0, signups=0, posts=0)
[2026-01-05T00:01:21.089Z] [159/250] 2025-10-05 - WRITTEN (rev=$0.00, orders=0, signups=0, posts=0)
[2026-01-05T00:01:21.400Z] [160/250] 2025-10-06 - WRITTEN (rev=$0.00, orders=0, signups=0, posts=0)
[2026-01-05T00:01:21.819Z] [161/250] 2025-10-07 - WRITTEN (rev=$0.00, orders=0, signups=0, posts=0)
[2026-01-05T00:01:22.136Z] [162/250] 2025-10-08 - WRITTEN (rev=$0.00, orders=0, signups=0, posts=0)
[2026-01-05T00:01:22.445Z] [163/250] 2025-10-09 - WRITTEN (rev=$0.00, orders=0, signups=0, posts=0)
[2026-01-05T00:01:22.780Z] [164/250] 2025-10-10 - WRITTEN (rev=$0.00, orders=0, signups=0, posts=0)
[2026-01-05T00:01:23.089Z] [165/250] 2025-10-11 - WRITTEN (rev=$0.00, orders=0, signups=0, posts=0)
[2026-01-05T00:01:23.427Z] [166/250] 2025-10-12 - WRITTEN (rev=$0.00, orders=0, signups=0, posts=0)
[2026-01-05T00:01:23.732Z] [167/250] 2025-10-13 - WRITTEN (rev=$20.00, orders=1, signups=0, posts=0)
[2026-01-05T00:01:24.066Z] [168/250] 2025-10-14 - WRITTEN (rev=$43.00, orders=2, signups=0, posts=0)
[2026-01-05T00:01:24.394Z] [169/250] 2025-10-15 - WRITTEN (rev=$0.00, orders=0, signups=0, posts=0)
[2026-01-05T00:01:24.774Z] [170/250] 2025-10-16 - WRITTEN (rev=$0.00, orders=0, signups=0, posts=0)
[2026-01-05T00:01:25.259Z] [171/250] 2025-10-17 - WRITTEN (rev=$15.06, orders=2, signups=0, posts=0)
[2026-01-05T00:01:25.581Z] [172/250] 2025-10-18 - WRITTEN (rev=$82.80, orders=8, signups=0, posts=0)
[2026-01-05T00:01:25.909Z] [173/250] 2025-10-19 - WRITTEN (rev=$74.19, orders=6, signups=0, posts=0)
[2026-01-05T00:01:26.253Z] [174/250] 2025-10-20 - WRITTEN (rev=$22.58, orders=2, signups=0, posts=0)
[2026-01-05T00:01:26.568Z] [175/250] 2025-10-21 - WRITTEN (rev=$67.75, orders=7, signups=0, posts=0)
[2026-01-05T00:01:26.875Z] [176/250] 2025-10-22 - WRITTEN (rev=$82.80, orders=8, signups=0, posts=0)
[2026-01-05T00:01:27.219Z] [177/250] 2025-10-23 - WRITTEN (rev=$165.59, orders=15, signups=0, posts=0)
[2026-01-05T00:01:27.563Z] [178/250] 2025-10-24 - WRITTEN (rev=$240.91, orders=26, signups=0, posts=0)
[2026-01-05T00:01:27.895Z] [179/250] 2025-10-25 - WRITTEN (rev=$692.54, orders=67, signups=0, posts=0)
[2026-01-05T00:01:28.221Z] [180/250] 2025-10-26 - WRITTEN (rev=$321.57, orders=34, signups=0, posts=0)
[2026-01-05T00:01:28.643Z] [181/250] 2025-10-27 - WRITTEN (rev=$0.00, orders=0, signups=0, posts=0)
[2026-01-05T00:01:28.977Z] [182/250] 2025-10-28 - WRITTEN (rev=$0.00, orders=0, signups=0, posts=0)
[2026-01-05T00:01:29.290Z] [183/250] 2025-10-29 - WRITTEN (rev=$0.00, orders=0, signups=0, posts=0)
[2026-01-05T00:01:29.617Z] [184/250] 2025-10-30 - WRITTEN (rev=$0.00, orders=0, signups=0, posts=0)
[2026-01-05T00:01:29.912Z] [185/250] 2025-10-31 - WRITTEN (rev=$21.50, orders=1, signups=0, posts=0)
[2026-01-05T00:01:30.213Z] [186/250] 2025-11-01 - WRITTEN (rev=$0.00, orders=0, signups=0, posts=0)
[2026-01-05T00:01:30.527Z] [187/250] 2025-11-02 - WRITTEN (rev=$0.00, orders=0, signups=0, posts=0)
[2026-01-05T00:01:30.860Z] [188/250] 2025-11-03 - WRITTEN (rev=$0.00, orders=0, signups=0, posts=0)
[2026-01-05T00:01:31.202Z] [189/250] 2025-11-04 - WRITTEN (rev=$0.00, orders=0, signups=0, posts=0)
[2026-01-05T00:01:31.515Z] [190/250] 2025-11-05 - WRITTEN (rev=$0.00, orders=0, signups=0, posts=0)
[2026-01-05T00:01:31.953Z] [191/250] 2025-11-06 - WRITTEN (rev=$0.00, orders=0, signups=0, posts=0)
[2026-01-05T00:01:32.271Z] [192/250] 2025-11-07 - WRITTEN (rev=$0.00, orders=0, signups=0, posts=0)
[2026-01-05T00:01:32.593Z] [193/250] 2025-11-08 - WRITTEN (rev=$43.00, orders=1, signups=0, posts=0)
[2026-01-05T00:01:32.920Z] [194/250] 2025-11-09 - WRITTEN (rev=$0.00, orders=0, signups=0, posts=0)
[2026-01-05T00:01:33.237Z] [195/250] 2025-11-10 - WRITTEN (rev=$0.00, orders=0, signups=0, posts=0)
[2026-01-05T00:01:33.546Z] [196/250] 2025-11-11 - WRITTEN (rev=$0.00, orders=0, signups=0, posts=0)
[2026-01-05T00:01:33.874Z] [197/250] 2025-11-12 - WRITTEN (rev=$215.00, orders=6, signups=0, posts=0)
[2026-01-05T00:01:34.178Z] [198/250] 2025-11-13 - WRITTEN (rev=$43.00, orders=2, signups=0, posts=0)
[2026-01-05T00:01:34.505Z] [199/250] 2025-11-14 - WRITTEN (rev=$150.50, orders=6, signups=0, posts=0)
[2026-01-05T00:01:34.835Z] [200/250] 2025-11-15 - WRITTEN (rev=$64.50, orders=2, signups=0, posts=0)
[2026-01-05T00:01:35.256Z] [201/250] 2025-11-16 - WRITTEN (rev=$26.88, orders=1, signups=0, posts=0)
[2026-01-05T00:01:35.562Z] [202/250] 2025-11-17 - WRITTEN (rev=$26.88, orders=1, signups=0, posts=0)
[2026-01-05T00:01:35.911Z] [203/250] 2025-11-18 - WRITTEN (rev=$80.64, orders=3, signups=0, posts=0)
[2026-01-05T00:01:36.248Z] [204/250] 2025-11-19 - WRITTEN (rev=$107.51, orders=4, signups=0, posts=0)
[2026-01-05T00:01:36.589Z] [205/250] 2025-11-20 - WRITTEN (rev=$215.02, orders=6, signups=0, posts=0)
[2026-01-05T00:01:36.929Z] [206/250] 2025-11-21 - WRITTEN (rev=$80.63, orders=2, signups=0, posts=0)
[2026-01-05T00:01:37.327Z] [207/250] 2025-11-22 - WRITTEN (rev=$0.00, orders=0, signups=0, posts=0)
[2026-01-05T00:01:37.647Z] [208/250] 2025-11-23 - WRITTEN (rev=$29.00, orders=1, signups=0, posts=0)
[2026-01-05T00:01:37.968Z] [209/250] 2025-11-24 - WRITTEN (rev=$0.00, orders=0, signups=0, posts=0)
[2026-01-05T00:01:38.286Z] [210/250] 2025-11-25 - WRITTEN (rev=$0.00, orders=0, signups=0, posts=0)
[2026-01-05T00:01:38.701Z] [211/250] 2025-11-26 - WRITTEN (rev=$0.00, orders=0, signups=0, posts=0)
[2026-01-05T00:01:38.993Z] [212/250] 2025-11-27 - WRITTEN (rev=$0.00, orders=0, signups=0, posts=0)
[2026-01-05T00:01:39.336Z] [213/250] 2025-11-28 - WRITTEN (rev=$0.00, orders=0, signups=0, posts=0)
[2026-01-05T00:01:39.639Z] [214/250] 2025-11-29 - WRITTEN (rev=$0.00, orders=0, signups=0, posts=0)
[2026-01-05T00:01:40.007Z] [215/250] 2025-11-30 - WRITTEN (rev=$0.00, orders=0, signups=0, posts=0)
[2026-01-05T00:01:40.312Z] [216/250] 2025-12-01 - WRITTEN (rev=$0.00, orders=0, signups=0, posts=0)
[2026-01-05T00:01:40.600Z] [217/250] 2025-12-02 - WRITTEN (rev=$7.53, orders=1, signups=0, posts=0)
[2026-01-05T00:01:40.926Z] [218/250] 2025-12-03 - WRITTEN (rev=$0.00, orders=0, signups=0, posts=0)
[2026-01-05T00:01:41.238Z] [219/250] 2025-12-04 - WRITTEN (rev=$37.64, orders=4, signups=0, posts=0)
[2026-01-05T00:01:41.574Z] [220/250] 2025-12-05 - WRITTEN (rev=$82.81, orders=9, signups=0, posts=0)
[2026-01-05T00:01:41.975Z] [221/250] 2025-12-06 - WRITTEN (rev=$263.46, orders=26, signups=0, posts=0)
[2026-01-05T00:01:42.291Z] [222/250] 2025-12-07 - WRITTEN (rev=$203.23, orders=19, signups=0, posts=0)
[2026-01-05T00:01:42.630Z] [223/250] 2025-12-08 - WRITTEN (rev=$0.00, orders=0, signups=0, posts=0)
[2026-01-05T00:01:42.938Z] [224/250] 2025-12-09 - WRITTEN (rev=$0.00, orders=0, signups=0, posts=0)
[2026-01-05T00:01:43.245Z] [225/250] 2025-12-10 - WRITTEN (rev=$0.00, orders=0, signups=0, posts=0)
[2026-01-05T00:01:43.569Z] [226/250] 2025-12-11 - WRITTEN (rev=$0.00, orders=0, signups=0, posts=0)
[2026-01-05T00:01:43.890Z] [227/250] 2025-12-12 - WRITTEN (rev=$0.00, orders=0, signups=0, posts=0)
[2026-01-05T00:01:44.206Z] [228/250] 2025-12-13 - WRITTEN (rev=$0.00, orders=0, signups=0, posts=0)
[2026-01-05T00:01:44.522Z] [229/250] 2025-12-14 - WRITTEN (rev=$0.00, orders=0, signups=0, posts=0)
[2026-01-05T00:01:44.846Z] [230/250] 2025-12-15 - WRITTEN (rev=$0.00, orders=0, signups=0, posts=0)
[2026-01-05T00:01:45.334Z] [231/250] 2025-12-16 - WRITTEN (rev=$0.00, orders=0, signups=0, posts=0)
[2026-01-05T00:01:45.642Z] [232/250] 2025-12-17 - WRITTEN (rev=$0.00, orders=0, signups=0, posts=0)
[2026-01-05T00:01:45.956Z] [233/250] 2025-12-18 - WRITTEN (rev=$0.00, orders=0, signups=0, posts=0)
[2026-01-05T00:01:46.283Z] [234/250] 2025-12-19 - WRITTEN (rev=$0.00, orders=0, signups=0, posts=0)
[2026-01-05T00:01:46.607Z] [235/250] 2025-12-20 - WRITTEN (rev=$0.00, orders=0, signups=0, posts=0)
[2026-01-05T00:01:46.914Z] [236/250] 2025-12-21 - WRITTEN (rev=$0.00, orders=0, signups=0, posts=0)
[2026-01-05T00:01:47.248Z] [237/250] 2025-12-22 - WRITTEN (rev=$0.00, orders=0, signups=0, posts=0)
[2026-01-05T00:01:47.569Z] [238/250] 2025-12-23 - WRITTEN (rev=$0.00, orders=0, signups=0, posts=0)
[2026-01-05T00:01:47.900Z] [239/250] 2025-12-24 - WRITTEN (rev=$0.00, orders=0, signups=0, posts=0)
[2026-01-05T00:01:48.207Z] [240/250] 2025-12-25 - WRITTEN (rev=$0.00, orders=0, signups=0, posts=0)
[2026-01-05T00:01:48.624Z] [241/250] 2025-12-26 - WRITTEN (rev=$0.00, orders=0, signups=0, posts=0)
[2026-01-05T00:01:48.935Z] [242/250] 2025-12-27 - WRITTEN (rev=$0.00, orders=0, signups=0, posts=0)
[2026-01-05T00:01:49.268Z] [243/250] 2025-12-28 - WRITTEN (rev=$0.00, orders=0, signups=0, posts=0)
[2026-01-05T00:01:49.585Z] [244/250] 2025-12-29 - WRITTEN (rev=$0.00, orders=0, signups=0, posts=0)
[2026-01-05T00:01:49.944Z] [245/250] 2025-12-30 - WRITTEN (rev=$0.00, orders=0, signups=0, posts=0)
[2026-01-05T00:01:50.241Z] [246/250] 2025-12-31 - WRITTEN (rev=$0.00, orders=0, signups=0, posts=0)
[2026-01-05T00:01:50.562Z] [247/250] 2026-01-01 - WRITTEN (rev=$0.00, orders=0, signups=0, posts=0)
[2026-01-05T00:01:50.874Z] [248/250] 2026-01-02 - WRITTEN (rev=$0.00, orders=0, signups=0, posts=0)
[2026-01-05T00:01:51.215Z] [249/250] 2026-01-03 - WRITTEN (rev=$0.00, orders=0, signups=0, posts=0)
[2026-01-05T00:01:51.542Z] [250/250] 2026-01-04 - WRITTEN (rev=$0.00, orders=0, signups=0, posts=0)
[2026-01-05T00:01:52.122Z] Wrote analytics/totals: revenue=$9640.02, orders=569, users=1097, posts=20
[2026-01-05T00:01:52.122Z] 
[2026-01-05T00:01:52.122Z] === SUMMARY ===
[2026-01-05T00:01:52.122Z] Mode: LIVE
[2026-01-05T00:01:52.122Z] Days processed: 250
[2026-01-05T00:01:52.123Z] Days written: 250
[2026-01-05T00:01:52.123Z] Days skipped: 0
[2026-01-05T00:01:52.123Z] Total revenue: $9640.02
[2026-01-05T00:01:52.123Z] Total orders: 569
[2026-01-05T00:01:52.123Z] 
[2026-01-05T00:01:52.123Z] Backfill complete!
